<?xml version="1.0" encoding="UTF-8"?>
<testsuite xmlns:xsi="http://www.w3.org/2001/XMLSchema-instance" xsi:noNamespaceSchemaLocation="https://maven.apache.org/surefire/maven-surefire-plugin/xsd/surefire-test-report-3.0.xsd" version="3.0" name="com.uniyar.controller.HealthControllerTest" time="2.319" tests="1" errors="0" skipped="0" failures="0">
  <properties>
[...]
</properties>
  <testcase name="contextLoads" classname="com.uniyar.controller.HealthControllerTest" time="0.011">
    <system-out><![CDATA[03:08:29.653 [main] INFO org.springframework.test.context.support.AnnotationConfigContextLoaderUtils -- Could not detect default configuration classes for test class [com.uniyar.controller.HealthControllerTest]: HealthControllerTest does not declare any static, non-private, non-final, nested classes annotated with @Configuration.
03:08:29.697 [main] INFO org.springframework.boot.test.context.SpringBootTestContextBootstrapper -- Found @SpringBootConfiguration com.uniyar.UniYaarApplication for test class com.uniyar.controller.HealthControllerTest

  .   ____          _            __ _ _
 /\\ / ___'_ __ _ _(_)_ __  __ _ \ \ \ \
( ( )\___ | '_ | '_| | '_ \/ _` | \ \ \ \
 \\/  ___)| |_)| | | | | || (_| |  ) ) ) )
  '  |____| .__|_| |_|_| |_\__, | / / / /
 =========|_|==============|___/=/_/_/_/

 :: Spring Boot ::                (v3.3.4)

2026-09-23T03:08:29.851+05:30  INFO 91960 --- [uniyaar-backend] [           main] c.u.controller.HealthControllerTest      : Starting HealthControllerTest using Java 21.0.12.1 with PID 91960 (started by miheer in /Users/miheer/Desktop/Projects/Uni-Yarr/backend)
2026-09-23T03:08:29.851+05:30 DEBUG 91960 --- [uniyaar-backend] [           main] c.u.controller.HealthControllerTest      : Running with Spring Boot v3.3.4, Spring v6.1.13
2026-09-23T03:08:29.851+05:30  INFO 91960 --- [uniyaar-backend] [           main] c.u.controller.HealthControllerTest      : No active profile set, falling back to 1 default profile: "default"
2026-09-23T03:08:30.086+05:30  INFO 91960 --- [uniyaar-backend] [           main] .s.d.r.c.RepositoryConfigurationDelegate : Bootstrapping Spring Data JPA repositories in DEFAULT mode.
2026-09-23T03:08:30.106+05:30  INFO 91960 --- [uniyaar-backend] [           main] .s.d.r.c.RepositoryConfigurationDelegate : Finished Spring Data repository scanning in 17 ms. Found 1 JPA repository interface.
2026-09-23T03:08:30.899+05:30  INFO 91960 --- [uniyaar-backend] [           main] o.hibernate.jpa.internal.util.LogHelper  : HHH000204: Processing PersistenceUnitInfo [name: default]
2026-09-23T03:08:30.921+05:30  INFO 91960 --- [uniyaar-backend] [           main] org.hibernate.Version                    : HHH000412: Hibernate ORM core version 6.5.3.Final
2026-09-23T03:08:30.934+05:30  INFO 91960 --- [uniyaar-backend] [           main] o.h.c.internal.RegionFactoryInitiator    : HHH000026: Second-level cache disabled
2026-09-23T03:08:30.979+05:30  INFO 91960 --- [uniyaar-backend] [           main] o.s.o.j.p.SpringPersistenceUnitInfo      : No LoadTimeWeaver setup: ignoring JPA class transformer
2026-09-23T03:08:30.990+05:30  INFO 91960 --- [uniyaar-backend] [           main] com.zaxxer.hikari.HikariDataSource       : HikariPool-1 - Starting...
2026-09-23T03:08:31.075+05:30  INFO 91960 --- [uniyaar-backend] [           main] com.zaxxer.hikari.pool.HikariPool        : HikariPool-1 - Added connection com.mysql.cj.jdbc.ConnectionImpl@3cc6f036
2026-09-23T03:08:31.076+05:30  INFO 91960 --- [uniyaar-backend] [           main] com.zaxxer.hikari.HikariDataSource       : HikariPool-1 - Start completed.
2026-09-23T03:08:31.102+05:30  WARN 91960 --- [uniyaar-backend] [           main] org.hibernate.orm.deprecation            : HHH90000025: MySQLDialect does not need to be specified explicitly using 'hibernate.dialect' (remove the property setting and it will be selected by default)
2026-09-23T03:08:31.388+05:30  INFO 91960 --- [uniyaar-backend] [           main] o.h.e.t.j.p.i.JtaPlatformInitiator       : HHH000489: No JTA platform available (set 'hibernate.transaction.jta.platform' to enable JTA platform integration)
2026-09-23T03:08:31.423+05:30 DEBUG 91960 --- [uniyaar-backend] [           main] org.hibernate.SQL                        : 
    alter table users 
       modify column role enum ('ROLE_ADMIN','ROLE_FACULTY','ROLE_STAFF','ROLE_STUDENT') not null
2026-09-23T03:08:31.440+05:30  INFO 91960 --- [uniyaar-backend] [           main] j.LocalContainerEntityManagerFactoryBean : Initialized JPA EntityManagerFactory for persistence unit 'default'
2026-09-23T03:08:31.480+05:30  INFO 91960 --- [uniyaar-backend] [           main] eAuthenticationProviderManagerConfigurer : Global AuthenticationManager configured with AuthenticationProvider bean with name authenticationProvider
2026-09-23T03:08:31.481+05:30  WARN 91960 --- [uniyaar-backend] [           main] r$InitializeUserDetailsManagerConfigurer : Global AuthenticationManager configured with an AuthenticationProvider bean. UserDetailsService beans will not be used for username/password login. Consider removing the AuthenticationProvider bean. Alternatively, consider using the UserDetailsService in a manually instantiated DaoAuthenticationProvider.
2026-09-23T03:08:31.506+05:30  WARN 91960 --- [uniyaar-backend] [           main] JpaBaseConfiguration$JpaWebConfiguration : spring.jpa.open-in-view is enabled by default. Therefore, database queries may be performed during view rendering. Explicitly configure spring.jpa.open-in-view to disable this warning
2026-09-23T03:08:31.887+05:30  INFO 91960 --- [uniyaar-backend] [           main] c.u.controller.HealthControllerTest      : Started HealthControllerTest in 2.142 seconds (process running for 2.506)
]]></system-out>
    <system-err><![CDATA[WARNING: A Java agent has been loaded dynamically (/Users/miheer/.m2/repository/net/bytebuddy/byte-buddy-agent/1.14.19/byte-buddy-agent-1.14.19.jar)
WARNING: If a serviceability tool is in use, please run with -XX:+EnableDynamicAgentLoading to hide this warning
WARNING: If a serviceability tool is not in use, please run with -Djdk.instrument.traceUsage for more information
WARNING: Dynamic loading of agents will be disallowed by default in a future release
]]></system-err>
  </testcase>
</testsuite>